[Mon Aug 12 08:19:04.483400 2019] [core:warn] [pid 10104:tid 676] AH00098: pid file C:/Users/Wisdom/Documents/UniServerZ/core/apache2/logs/httpd.pid overwritten -- Unclean shutdown of previous Apache run?
[Mon Aug 12 08:19:04.748964 2019] [mpm_winnt:notice] [pid 10104:tid 676] AH00455: Apache/2.4.39 (Win32) PHP/7.3.8 configured -- resuming normal operations
[Mon Aug 12 08:19:04.748964 2019] [mpm_winnt:notice] [pid 10104:tid 676] AH00456: Server built: May 29 2019 19:49:33
[Mon Aug 12 08:19:04.748964 2019] [core:notice] [pid 10104:tid 676] AH00094: Command line: 'C:\\Users\\Wisdom\\Documents\\UniServerZ\\core\\apache2\\bin\\httpd_z.exe -d C:/Users/Wisdom/Documents/UniServerZ/core/apache2 -f C:\\Users\\Wisdom\\Documents\\UniServerZ\\core\\apache2\\conf\\httpd.conf -d C:\\Users\\Wisdom\\Documents\\UniServerZ\\core\\apache2'
[Mon Aug 12 08:19:04.764585 2019] [mpm_winnt:notice] [pid 10104:tid 676] AH00418: Parent: Created child process 9260
[Mon Aug 12 08:19:05.842457 2019] [mpm_winnt:notice] [pid 9260:tid 768] AH00354: Child: Starting 150 worker threads.
[Mon Aug 12 08:21:43.693455 2019] [php7:notice] [pid 9260:tid 1880] [client ::1:49889] WordPress database error Unknown column 'wp_' in 'field list' for query SELECT wp_, referer: http://localhost/wp-admin/setup-config.php?step=1
[Mon Aug 12 08:22:20.213643 2019] [rewrite:error] [pid 9260:tid 1904] [client ::1:49909] AH00670: Options FollowSymLinks and SymLinksIfOwnerMatch are both off, so the RewriteRule directive is also forbidden due to its similar ability to circumvent directory restrictions : C:/Users/Wisdom/Documents/UniServerZ/www/2019
[Mon Aug 12 08:22:20.244966 2019] [rewrite:error] [pid 9260:tid 1904] [client ::1:49910] AH00670: Options FollowSymLinks and SymLinksIfOwnerMatch are both off, so the RewriteRule directive is also forbidden due to its similar ability to circumvent directory restrictions : C:/Users/Wisdom/Documents/UniServerZ/www/index.php
C:/Users/Wisdom/Documents/UniServerZ/core/msmtp/msmtp.exe: cannot connect to smtp.tiscali.co.uk, port 25: timeout
C:/Users/Wisdom/Documents/UniServerZ/core/msmtp/msmtp.exe: could not send mail (account default from C:/Users/Wisdom/Documents/UniServerZ/core/msmtp/msmtprc.ini)
[Mon Aug 12 13:01:29.347626 2019] [core:warn] [pid 1992:tid 584] AH00098: pid file C:/Users/Wisdom/Documents/UniServerZ/core/apache2/logs/httpd.pid overwritten -- Unclean shutdown of previous Apache run?
[Mon Aug 12 13:01:29.586106 2019] [mpm_winnt:notice] [pid 1992:tid 584] AH00455: Apache/2.4.39 (Win32) PHP/7.3.8 configured -- resuming normal operations
[Mon Aug 12 13:01:29.586106 2019] [mpm_winnt:notice] [pid 1992:tid 584] AH00456: Server built: May 29 2019 19:49:33
[Mon Aug 12 13:01:29.586106 2019] [core:notice] [pid 1992:tid 584] AH00094: Command line: 'C:\\Users\\Wisdom\\Documents\\UniServerZ\\core\\apache2\\bin\\httpd_z.exe -d C:/Users/Wisdom/Documents/UniServerZ/core/apache2 -f C:\\Users\\Wisdom\\Documents\\UniServerZ\\core\\apache2\\conf\\httpd.conf -d C:\\Users\\Wisdom\\Documents\\UniServerZ\\core\\apache2'
[Mon Aug 12 13:01:29.601736 2019] [mpm_winnt:notice] [pid 1992:tid 584] AH00418: Parent: Created child process 4504
[Mon Aug 12 13:01:30.367209 2019] [mpm_winnt:notice] [pid 4504:tid 760] AH00354: Child: Starting 150 worker threads.
[Mon Aug 12 13:05:14.136203 2019] [php7:warn] [pid 4504:tid 1916] [client ::1:50686] PHP Warning:  An unexpected error occurred. Something may be wrong with WordPress.org or this server&#8217;s configuration. If you continue to have problems, please try the <a href="https://wordpress.org/support/">support forums</a>. (WordPress could not establish a secure connection to WordPress.org. Please contact your server administrator.) in C:\\Users\\Wisdom\\Documents\\UniServerZ\\www\\wp-admin\\includes\\translation-install.php on line 65, referer: http://localhost/wp-admin/edit.php
[Sat Aug 24 08:38:07.395209 2019] [core:warn] [pid 7872:tid 600] AH00098: pid file C:/Users/Wisdom/Documents/UniServerZ/core/apache2/logs/httpd.pid overwritten -- Unclean shutdown of previous Apache run?
[Sat Aug 24 08:38:07.674868 2019] [mpm_winnt:notice] [pid 7872:tid 600] AH00455: Apache/2.4.39 (Win32) PHP/7.3.8 configured -- resuming normal operations
[Sat Aug 24 08:38:07.674868 2019] [mpm_winnt:notice] [pid 7872:tid 600] AH00456: Server built: May 29 2019 19:49:33
[Sat Aug 24 08:38:07.674868 2019] [core:notice] [pid 7872:tid 600] AH00094: Command line: 'C:\\Users\\Wisdom\\Documents\\UniServerZ\\core\\apache2\\bin\\httpd_z.exe -d C:/Users/Wisdom/Documents/UniServerZ/core/apache2 -f C:\\Users\\Wisdom\\Documents\\UniServerZ\\core\\apache2\\conf\\httpd.conf -d C:\\Users\\Wisdom\\Documents\\UniServerZ\\core\\apache2'
[Sat Aug 24 08:38:07.684980 2019] [mpm_winnt:notice] [pid 7872:tid 600] AH00418: Parent: Created child process 7704
[Sat Aug 24 08:38:08.595086 2019] [mpm_winnt:notice] [pid 7704:tid 668] AH00354: Child: Starting 150 worker threads.
[Sun Sep 29 21:57:53.456899 2019] [core:warn] [pid 10868:tid 788] AH00098: pid file C:/Users/Wisdom/Documents/UniServerZ/core/apache2/logs/httpd.pid overwritten -- Unclean shutdown of previous Apache run?
[Sun Sep 29 21:57:53.894295 2019] [mpm_winnt:notice] [pid 10868:tid 788] AH00455: Apache/2.4.39 (Win32) PHP/7.3.8 configured -- resuming normal operations
[Sun Sep 29 21:57:53.894295 2019] [mpm_winnt:notice] [pid 10868:tid 788] AH00456: Server built: May 29 2019 19:49:33
[Sun Sep 29 21:57:53.894295 2019] [core:notice] [pid 10868:tid 788] AH00094: Command line: 'C:\\Users\\Wisdom\\Documents\\UniServerZ\\core\\apache2\\bin\\httpd_z.exe -d C:/Users/Wisdom/Documents/UniServerZ/core/apache2 -f C:\\Users\\Wisdom\\Documents\\UniServerZ\\core\\apache2\\conf\\httpd.conf -d C:\\Users\\Wisdom\\Documents\\UniServerZ\\core\\apache2'
[Sun Sep 29 21:57:53.909917 2019] [mpm_winnt:notice] [pid 10868:tid 788] AH00418: Parent: Created child process 14856
[Sun Sep 29 21:57:55.878202 2019] [mpm_winnt:notice] [pid 14856:tid 616] AH00354: Child: Starting 150 worker threads.
C:/Users/Wisdom/Documents/UniServerZ/core/msmtp/msmtp.exe: cannot connect to smtp.tiscali.co.uk, port 25: timeout
C:/Users/Wisdom/Documents/UniServerZ/core/msmtp/msmtp.exe: could not send mail (account default from C:/Users/Wisdom/Documents/UniServerZ/core/msmtp/msmtprc.ini)
[Mon Sep 30 05:10:01.091583 2019] [core:warn] [pid 8612:tid 696] AH00098: pid file C:/Users/Wisdom/Documents/UniServerZ/core/apache2/logs/httpd.pid overwritten -- Unclean shutdown of previous Apache run?
[Mon Sep 30 05:10:01.351355 2019] [mpm_winnt:notice] [pid 8612:tid 696] AH00455: Apache/2.4.39 (Win32) PHP/7.3.8 configured -- resuming normal operations
[Mon Sep 30 05:10:01.351355 2019] [mpm_winnt:notice] [pid 8612:tid 696] AH00456: Server built: May 29 2019 19:49:33
[Mon Sep 30 05:10:01.351355 2019] [core:notice] [pid 8612:tid 696] AH00094: Command line: 'C:\\Users\\Wisdom\\Documents\\UniServerZ\\core\\apache2\\bin\\httpd_z.exe -d C:/Users/Wisdom/Documents/UniServerZ/core/apache2 -f C:\\Users\\Wisdom\\Documents\\UniServerZ\\core\\apache2\\conf\\httpd.conf -d C:\\Users\\Wisdom\\Documents\\UniServerZ\\core\\apache2'
[Mon Sep 30 05:10:01.351355 2019] [mpm_winnt:notice] [pid 8612:tid 696] AH00418: Parent: Created child process 8744
[Mon Sep 30 05:10:03.451123 2019] [mpm_winnt:notice] [pid 8744:tid 732] AH00354: Child: Starting 150 worker threads.
[Sat Oct 12 14:01:18.554280 2019] [core:warn] [pid 11676:tid 672] AH00098: pid file C:/Users/Wisdom/Documents/Hackathon/UniServerZ/core/apache2/logs/httpd.pid overwritten -- Unclean shutdown of previous Apache run?
[Sat Oct 12 14:01:18.851084 2019] [mpm_winnt:notice] [pid 11676:tid 672] AH00455: Apache/2.4.39 (Win32) PHP/7.3.8 configured -- resuming normal operations
[Sat Oct 12 14:01:18.851084 2019] [mpm_winnt:notice] [pid 11676:tid 672] AH00456: Server built: May 29 2019 19:49:33
[Sat Oct 12 14:01:18.851084 2019] [core:notice] [pid 11676:tid 672] AH00094: Command line: 'C:\\Users\\Wisdom\\Documents\\Hackathon\\UniServerZ\\core\\apache2\\bin\\httpd_z.exe -d C:/Users/Wisdom/Documents/Hackathon/UniServerZ/core/apache2 -f C:\\Users\\Wisdom\\Documents\\Hackathon\\UniServerZ\\core\\apache2\\conf\\httpd.conf -d C:\\Users\\Wisdom\\Documents\\Hackathon\\UniServerZ\\core\\apache2'
[Sat Oct 12 14:01:18.866708 2019] [mpm_winnt:notice] [pid 11676:tid 672] AH00418: Parent: Created child process 4332
[Sat Oct 12 14:01:19.667170 2019] [mpm_winnt:notice] [pid 4332:tid 728] AH00354: Child: Starting 150 worker threads.
[Sat Oct 12 14:01:20.785316 2019] [php7:error] [pid 4332:tid 1940] [client ::1:53585] script 'C:/Users/Wisdom/Documents/Hackathon/UniServerZ/www/index.php' not found or unable to stat
[Sat Oct 12 14:14:23.924551 2019] [core:warn] [pid 11804:tid 632] AH00098: pid file C:/Users/Wisdom/Documents/Hackathon/UniServerZ/core/apache2/logs/httpd.pid overwritten -- Unclean shutdown of previous Apache run?
[Sat Oct 12 14:14:24.111981 2019] [mpm_winnt:notice] [pid 11804:tid 632] AH00455: Apache/2.4.39 (Win32) PHP/7.3.8 configured -- resuming normal operations
[Sat Oct 12 14:14:24.111981 2019] [mpm_winnt:notice] [pid 11804:tid 632] AH00456: Server built: May 29 2019 19:49:33
[Sat Oct 12 14:14:24.111981 2019] [core:notice] [pid 11804:tid 632] AH00094: Command line: 'C:\\Users\\Wisdom\\Documents\\Hackathon\\UniServerZ\\core\\apache2\\bin\\httpd_z.exe -d C:/Users/Wisdom/Documents/Hackathon/UniServerZ/core/apache2 -f C:\\Users\\Wisdom\\Documents\\Hackathon\\UniServerZ\\core\\apache2\\conf\\httpd.conf -d C:\\Users\\Wisdom\\Documents\\Hackathon\\UniServerZ\\core\\apache2'
[Sat Oct 12 14:14:24.127598 2019] [mpm_winnt:notice] [pid 11804:tid 632] AH00418: Parent: Created child process 11908
[Sat Oct 12 14:14:24.908664 2019] [mpm_winnt:notice] [pid 11908:tid 684] AH00354: Child: Starting 150 worker threads.
[Sat Oct 12 14:14:29.141991 2019] [php7:error] [pid 11908:tid 1916] [client ::1:49774] script 'C:/Users/Wisdom/Documents/Hackathon/UniServerZ/www/index.php' not found or unable to stat
[Sat Oct 12 14:18:50.201545 2019] [core:warn] [pid 9820:tid 692] AH00098: pid file C:/Users/Wisdom/Documents/Hackathon/UniServerZ/core/apache2/logs/httpd.pid overwritten -- Unclean shutdown of previous Apache run?
[Sat Oct 12 14:18:50.451478 2019] [mpm_winnt:notice] [pid 9820:tid 692] AH00455: Apache/2.4.39 (Win32) PHP/7.3.8 configured -- resuming normal operations
[Sat Oct 12 14:18:50.451478 2019] [mpm_winnt:notice] [pid 9820:tid 692] AH00456: Server built: May 29 2019 19:49:33
[Sat Oct 12 14:18:50.451478 2019] [core:notice] [pid 9820:tid 692] AH00094: Command line: 'C:\\Users\\Wisdom\\Documents\\Hackathon\\UniServerZ\\core\\apache2\\bin\\httpd_z.exe -d C:/Users/Wisdom/Documents/Hackathon/UniServerZ/core/apache2 -f C:\\Users\\Wisdom\\Documents\\Hackathon\\UniServerZ\\core\\apache2\\conf\\httpd.conf -d C:\\Users\\Wisdom\\Documents\\Hackathon\\UniServerZ\\core\\apache2'
[Sat Oct 12 14:18:50.467099 2019] [mpm_winnt:notice] [pid 9820:tid 692] AH00418: Parent: Created child process 10016
[Sat Oct 12 14:18:52.013610 2019] [mpm_winnt:notice] [pid 10016:tid 696] AH00354: Child: Starting 150 worker threads.
[Sat Oct 12 14:18:58.579804 2019] [php7:error] [pid 10016:tid 1916] [client ::1:49773] script 'C:/Users/Wisdom/Documents/Hackathon/UniServerZ/www/index.php' not found or unable to stat
[Sat Oct 12 14:25:50.631880 2019] [core:error] [pid 10016:tid 1912] (20024)The given path is misformatted or contained invalid characters: [client ::1:50114] AH00127: Cannot map GET /... HTTP/1.1 to file, referer: http://localhost/
[Sat Oct 12 14:25:50.704685 2019] [core:error] [pid 10016:tid 1900] (20024)The given path is misformatted or contained invalid characters: [client ::1:50116] AH00127: Cannot map GET /... HTTP/1.1 to file, referer: http://localhost/
[Sat Oct 12 14:26:30.423718 2019] [core:error] [pid 10016:tid 1912] (20024)The given path is misformatted or contained invalid characters: [client ::1:50138] AH00127: Cannot map GET /... HTTP/1.1 to file, referer: http://localhost/
[Sat Oct 12 14:26:30.716759 2019] [core:error] [pid 10016:tid 1912] (20024)The given path is misformatted or contained invalid characters: [client ::1:50138] AH00127: Cannot map GET /... HTTP/1.1 to file, referer: http://localhost/
[Sat Oct 12 14:26:52.495599 2019] [core:error] [pid 10016:tid 1916] (20024)The given path is misformatted or contained invalid characters: [client ::1:50143] AH00127: Cannot map GET /... HTTP/1.1 to file, referer: http://localhost/
[Sat Oct 12 14:26:52.777845 2019] [core:error] [pid 10016:tid 1912] (20024)The given path is misformatted or contained invalid characters: [client ::1:50144] AH00127: Cannot map GET /... HTTP/1.1 to file, referer: http://localhost/
[Sat Oct 12 14:29:25.124929 2019] [php7:crit] [pid 10016:tid 1900] [client ::1:50255] PHP Parse error:  syntax error, unexpected ')' in C:\\Users\\Wisdom\\Documents\\Hackathon\\UniServerZ\\www\\index.php on line 131
[Sat Oct 12 14:29:43.465087 2019] [core:error] [pid 10016:tid 1908] (20024)The given path is misformatted or contained invalid characters: [client ::1:50262] AH00127: Cannot map GET /... HTTP/1.1 to file, referer: http://localhost/
[Sat Oct 12 14:29:43.743794 2019] [core:error] [pid 10016:tid 1916] (20024)The given path is misformatted or contained invalid characters: [client ::1:50264] AH00127: Cannot map GET /... HTTP/1.1 to file, referer: http://localhost/
[Sat Oct 12 14:30:49.787512 2019] [core:error] [pid 10016:tid 1912] (20024)The given path is misformatted or contained invalid characters: [client ::1:50281] AH00127: Cannot map GET /... HTTP/1.1 to file, referer: http://localhost/
[Sat Oct 12 14:43:12.560682 2019] [php7:notice] [pid 10016:tid 1900] [client ::1:50454] PHP Notice:  Trying to get property 'num_rows' of non-object in C:\\Users\\Wisdom\\Documents\\Hackathon\\UniServerZ\\www\\index.php on line 34
[Sat Oct 12 14:43:12.755911 2019] [core:error] [pid 10016:tid 1916] (20024)The given path is misformatted or contained invalid characters: [client ::1:50461] AH00127: Cannot map GET /... HTTP/1.1 to file, referer: http://localhost/
[Sat Oct 12 14:43:13.313205 2019] [core:error] [pid 10016:tid 1904] (20024)The given path is misformatted or contained invalid characters: [client ::1:50459] AH00127: Cannot map GET /... HTTP/1.1 to file, referer: http://localhost/
[Sat Oct 12 14:44:13.210088 2019] [php7:notice] [pid 10016:tid 1900] [client ::1:50496] PHP Notice:  Trying to get property 'num_rows' of non-object in C:\\Users\\Wisdom\\Documents\\Hackathon\\UniServerZ\\www\\index.php on line 34
[Sat Oct 12 14:44:13.334867 2019] [core:error] [pid 10016:tid 1900] (20024)The given path is misformatted or contained invalid characters: [client ::1:50496] AH00127: Cannot map GET /... HTTP/1.1 to file, referer: http://localhost/
[Sat Oct 12 14:44:13.603516 2019] [core:error] [pid 10016:tid 1916] (20024)The given path is misformatted or contained invalid characters: [client ::1:50517] AH00127: Cannot map GET /... HTTP/1.1 to file, referer: http://localhost/
[Sat Oct 12 14:45:07.393947 2019] [php7:notice] [pid 10016:tid 1912] [client ::1:50526] PHP Notice:  Undefined index: id in C:\\Users\\Wisdom\\Documents\\Hackathon\\UniServerZ\\www\\index.php on line 37
[Sat Oct 12 14:45:07.393947 2019] [php7:notice] [pid 10016:tid 1912] [client ::1:50526] PHP Notice:  Undefined index: firstname in C:\\Users\\Wisdom\\Documents\\Hackathon\\UniServerZ\\www\\index.php on line 37
[Sat Oct 12 14:45:07.393947 2019] [php7:notice] [pid 10016:tid 1912] [client ::1:50526] PHP Notice:  Undefined index: lastname in C:\\Users\\Wisdom\\Documents\\Hackathon\\UniServerZ\\www\\index.php on line 37
[Sat Oct 12 14:45:07.393947 2019] [php7:notice] [pid 10016:tid 1912] [client ::1:50526] PHP Notice:  Undefined index: id in C:\\Users\\Wisdom\\Documents\\Hackathon\\UniServerZ\\www\\index.php on line 37
[Sat Oct 12 14:45:07.393947 2019] [php7:notice] [pid 10016:tid 1912] [client ::1:50526] PHP Notice:  Undefined index: firstname in C:\\Users\\Wisdom\\Documents\\Hackathon\\UniServerZ\\www\\index.php on line 37
[Sat Oct 12 14:45:07.393947 2019] [php7:notice] [pid 10016:tid 1912] [client ::1:50526] PHP Notice:  Undefined index: lastname in C:\\Users\\Wisdom\\Documents\\Hackathon\\UniServerZ\\www\\index.php on line 37
[Sat Oct 12 14:45:07.549988 2019] [core:error] [pid 10016:tid 1916] (20024)The given path is misformatted or contained invalid characters: [client ::1:50531] AH00127: Cannot map GET /... HTTP/1.1 to file, referer: http://localhost/
[Sat Oct 12 14:45:07.784322 2019] [core:error] [pid 10016:tid 1896] (20024)The given path is misformatted or contained invalid characters: [client ::1:50532] AH00127: Cannot map GET /... HTTP/1.1 to file, referer: http://localhost/
[Sat Oct 12 14:47:56.834178 2019] [php7:crit] [pid 10016:tid 1900] [client ::1:50579] PHP Parse error:  syntax error, unexpected '>' in C:\\Users\\Wisdom\\Documents\\Hackathon\\UniServerZ\\www\\index.php on line 37
[Sat Oct 12 14:48:15.263340 2019] [core:error] [pid 10016:tid 1896] (20024)The given path is misformatted or contained invalid characters: [client ::1:50584] AH00127: Cannot map GET /... HTTP/1.1 to file, referer: http://localhost/
[Sat Oct 12 14:48:15.519837 2019] [core:error] [pid 10016:tid 1904] (20024)The given path is misformatted or contained invalid characters: [client ::1:50586] AH00127: Cannot map GET /... HTTP/1.1 to file, referer: http://localhost/
[Sat Oct 12 14:49:59.078298 2019] [core:error] [pid 10016:tid 1900] (20024)The given path is misformatted or contained invalid characters: [client ::1:50609] AH00127: Cannot map GET /... HTTP/1.1 to file, referer: http://localhost/
[Sat Oct 12 14:49:59.406357 2019] [core:error] [pid 10016:tid 1896] (20024)The given path is misformatted or contained invalid characters: [client ::1:50610] AH00127: Cannot map GET /... HTTP/1.1 to file, referer: http://localhost/
[Sat Oct 12 14:54:21.760005 2019] [core:error] [pid 10016:tid 1900] (20024)The given path is misformatted or contained invalid characters: [client ::1:50646] AH00127: Cannot map GET /... HTTP/1.1 to file, referer: http://localhost/
[Sat Oct 12 14:54:22.008311 2019] [core:error] [pid 10016:tid 1900] (20024)The given path is misformatted or contained invalid characters: [client ::1:50646] AH00127: Cannot map GET /... HTTP/1.1 to file, referer: http://localhost/
[Sat Oct 12 14:54:51.689813 2019] [core:error] [pid 10016:tid 1904] (20024)The given path is misformatted or contained invalid characters: [client ::1:50655] AH00127: Cannot map GET /... HTTP/1.1 to file, referer: http://localhost/
[Sat Oct 12 14:54:51.950867 2019] [core:error] [pid 10016:tid 1908] (20024)The given path is misformatted or contained invalid characters: [client ::1:50656] AH00127: Cannot map GET /... HTTP/1.1 to file, referer: http://localhost/
[Sat Oct 12 14:57:23.963517 2019] [core:error] [pid 10016:tid 1904] (20024)The given path is misformatted or contained invalid characters: [client ::1:50735] AH00127: Cannot map GET /... HTTP/1.1 to file, referer: http://localhost/
[Sat Oct 12 14:57:26.485328 2019] [core:error] [pid 10016:tid 1916] (20024)The given path is misformatted or contained invalid characters: [client ::1:50737] AH00127: Cannot map GET /... HTTP/1.1 to file, referer: http://localhost/
[Sat Oct 12 14:57:26.838063 2019] [core:error] [pid 10016:tid 1896] (20024)The given path is misformatted or contained invalid characters: [client ::1:50733] AH00127: Cannot map GET /... HTTP/1.1 to file, referer: http://localhost/
[Sat Oct 12 15:03:30.856566 2019] [core:error] [pid 10016:tid 1904] (20024)The given path is misformatted or contained invalid characters: [client ::1:50885] AH00127: Cannot map GET /... HTTP/1.1 to file, referer: http://localhost/
[Sat Oct 12 15:03:31.075295 2019] [core:error] [pid 10016:tid 1896] (20024)The given path is misformatted or contained invalid characters: [client ::1:50887] AH00127: Cannot map GET /... HTTP/1.1 to file, referer: http://localhost/
[Sat Oct 12 15:07:27.048943 2019] [core:error] [pid 10016:tid 1900] (20024)The given path is misformatted or contained invalid characters: [client ::1:51048] AH00127: Cannot map GET /... HTTP/1.1 to file, referer: http://localhost/
[Sat Oct 12 15:08:58.097370 2019] [core:error] [pid 10016:tid 1912] (20024)The given path is misformatted or contained invalid characters: [client ::1:51071] AH00127: Cannot map GET /... HTTP/1.1 to file, referer: http://localhost/
[Sat Oct 12 15:08:58.394183 2019] [core:error] [pid 10016:tid 1908] (20024)The given path is misformatted or contained invalid characters: [client ::1:51074] AH00127: Cannot map GET /... HTTP/1.1 to file, referer: http://localhost/
[Sat Oct 12 15:09:30.472007 2019] [core:error] [pid 10016:tid 1912] (20024)The given path is misformatted or contained invalid characters: [client ::1:51081] AH00127: Cannot map GET /... HTTP/1.1 to file, referer: http://localhost/
[Sat Oct 12 15:09:30.705140 2019] [core:error] [pid 10016:tid 1908] (20024)The given path is misformatted or contained invalid characters: [client ::1:51082] AH00127: Cannot map GET /... HTTP/1.1 to file, referer: http://localhost/
[Sat Oct 12 15:10:21.439109 2019] [core:error] [pid 10016:tid 1896] (20024)The given path is misformatted or contained invalid characters: [client ::1:51095] AH00127: Cannot map GET /... HTTP/1.1 to file, referer: http://localhost/
[Sat Oct 12 15:10:21.707938 2019] [core:error] [pid 10016:tid 1896] (20024)The given path is misformatted or contained invalid characters: [client ::1:51095] AH00127: Cannot map GET /... HTTP/1.1 to file, referer: http://localhost/
[Sat Oct 12 15:17:29.894691 2019] [core:error] [pid 10016:tid 1896] (20024)The given path is misformatted or contained invalid characters: [client ::1:51128] AH00127: Cannot map GET /... HTTP/1.1 to file, referer: http://localhost/
[Sat Oct 12 15:17:30.159226 2019] [core:error] [pid 10016:tid 1908] (20024)The given path is misformatted or contained invalid characters: [client ::1:51130] AH00127: Cannot map GET /... HTTP/1.1 to file, referer: http://localhost/
[Sat Oct 12 15:17:36.378007 2019] [core:error] [pid 10016:tid 1896] (20024)The given path is misformatted or contained invalid characters: [client ::1:51133] AH00127: Cannot map GET /... HTTP/1.1 to file, referer: http://localhost/
[Sat Oct 12 15:18:09.378482 2019] [core:error] [pid 10016:tid 1908] (20024)The given path is misformatted or contained invalid characters: [client ::1:51144] AH00127: Cannot map GET /... HTTP/1.1 to file, referer: http://localhost/
[Sat Oct 12 15:18:09.737769 2019] [core:error] [pid 10016:tid 1912] (20024)The given path is misformatted or contained invalid characters: [client ::1:51145] AH00127: Cannot map GET /... HTTP/1.1 to file, referer: http://localhost/
[Sat Oct 12 15:18:24.134619 2019] [core:error] [pid 10016:tid 1916] (20024)The given path is misformatted or contained invalid characters: [client ::1:51162] AH00127: Cannot map GET /... HTTP/1.1 to file, referer: http://localhost/
[Sat Oct 12 15:18:24.297186 2019] [core:error] [pid 10016:tid 1896] (20024)The given path is misformatted or contained invalid characters: [client ::1:51157] AH00127: Cannot map GET /... HTTP/1.1 to file, referer: http://localhost/
[Sat Oct 12 15:27:25.935223 2019] [core:error] [pid 10016:tid 1904] (20024)The given path is misformatted or contained invalid characters: [client ::1:51678] AH00127: Cannot map GET //... HTTP/1.1 to file, referer: http://localhost//product.html
[Sat Oct 12 15:42:58.107559 2019] [core:error] [pid 10016:tid 1904] (20024)The given path is misformatted or contained invalid characters: [client ::1:52842] AH00127: Cannot map GET /... HTTP/1.1 to file, referer: http://localhost/product.html
[Sat Oct 12 15:48:14.825078 2019] [php7:notice] [pid 10016:tid 1912] [client ::1:53129] PHP Notice:  Undefined index: ID in C:\\Users\\Wisdom\\Documents\\Hackathon\\UniServerZ\\www\\product.php on line 57
[Sat Oct 12 15:48:14.825078 2019] [php7:warn] [pid 10016:tid 1912] [client ::1:53129] PHP Warning:  A non-numeric value encountered in C:\\Users\\Wisdom\\Documents\\Hackathon\\UniServerZ\\www\\product.php on line 57
[Sat Oct 12 15:48:14.825078 2019] [php7:notice] [pid 10016:tid 1912] [client ::1:53129] PHP Notice:  Trying to get property 'num_rows' of non-object in C:\\Users\\Wisdom\\Documents\\Hackathon\\UniServerZ\\www\\product.php on line 60
[Sat Oct 12 15:48:14.996960 2019] [core:error] [pid 10016:tid 1916] (20024)The given path is misformatted or contained invalid characters: [client ::1:53141] AH00127: Cannot map GET /... HTTP/1.1 to file, referer: http://localhost/product.php
[Sat Oct 12 15:50:27.797893 2019] [core:warn] [pid 11344:tid 672] AH00098: pid file C:/Users/Wisdom/Documents/Hackathon/UniServerZ/core/apache2/logs/httpd.pid overwritten -- Unclean shutdown of previous Apache run?
[Sat Oct 12 15:50:28.016444 2019] [mpm_winnt:notice] [pid 11344:tid 672] AH00455: Apache/2.4.39 (Win32) PHP/7.3.8 configured -- resuming normal operations
[Sat Oct 12 15:50:28.016444 2019] [mpm_winnt:notice] [pid 11344:tid 672] AH00456: Server built: May 29 2019 19:49:33
[Sat Oct 12 15:50:28.016444 2019] [core:notice] [pid 11344:tid 672] AH00094: Command line: 'C:\\Users\\Wisdom\\Documents\\Hackathon\\UniServerZ\\core\\apache2\\bin\\httpd_z.exe -d C:/Users/Wisdom/Documents/Hackathon/UniServerZ/core/apache2 -f C:\\Users\\Wisdom\\Documents\\Hackathon\\UniServerZ\\core\\apache2\\conf\\httpd.conf -d C:\\Users\\Wisdom\\Documents\\Hackathon\\UniServerZ\\core\\apache2'
[Sat Oct 12 15:50:28.016444 2019] [mpm_winnt:notice] [pid 11344:tid 672] AH00418: Parent: Created child process 12272
[Sat Oct 12 15:50:29.096791 2019] [mpm_winnt:notice] [pid 12272:tid 708] AH00354: Child: Starting 150 worker threads.
[Sat Oct 12 15:52:10.163423 2019] [php7:notice] [pid 12272:tid 1900] [client ::1:53420] PHP Notice:  Undefined index: ID in C:\\Users\\Wisdom\\Documents\\Hackathon\\UniServerZ\\www\\product.php on line 60, referer: http://localhost/index.php
[Sat Oct 12 15:52:10.163423 2019] [php7:warn] [pid 12272:tid 1900] [client ::1:53420] PHP Warning:  A non-numeric value encountered in C:\\Users\\Wisdom\\Documents\\Hackathon\\UniServerZ\\www\\product.php on line 60, referer: http://localhost/index.php
[Sat Oct 12 15:52:10.163423 2019] [php7:notice] [pid 12272:tid 1900] [client ::1:53420] PHP Notice:  Trying to get property 'num_rows' of non-object in C:\\Users\\Wisdom\\Documents\\Hackathon\\UniServerZ\\www\\product.php on line 63, referer: http://localhost/index.php
[Sat Oct 12 15:52:10.319286 2019] [core:error] [pid 12272:tid 1900] (20024)The given path is misformatted or contained invalid characters: [client ::1:53420] AH00127: Cannot map GET /... HTTP/1.1 to file, referer: http://localhost/product.php?id=1
[Sat Oct 12 15:52:34.929279 2019] [php7:warn] [pid 12272:tid 1900] [client ::1:53448] PHP Warning:  A non-numeric value encountered in C:\\Users\\Wisdom\\Documents\\Hackathon\\UniServerZ\\www\\product.php on line 60
[Sat Oct 12 15:52:34.929279 2019] [php7:notice] [pid 12272:tid 1900] [client ::1:53448] PHP Notice:  Trying to get property 'num_rows' of non-object in C:\\Users\\Wisdom\\Documents\\Hackathon\\UniServerZ\\www\\product.php on line 63
[Sat Oct 12 15:52:35.089707 2019] [core:error] [pid 12272:tid 1908] (20024)The given path is misformatted or contained invalid characters: [client ::1:53454] AH00127: Cannot map GET /... HTTP/1.1 to file, referer: http://localhost/product.php?id=1
[Sat Oct 12 15:53:33.477451 2019] [php7:warn] [pid 12272:tid 1904] [client ::1:53519] PHP Warning:  A non-numeric value encountered in C:\\Users\\Wisdom\\Documents\\Hackathon\\UniServerZ\\www\\product.php on line 60
[Sat Oct 12 15:53:33.477451 2019] [php7:notice] [pid 12272:tid 1904] [client ::1:53519] PHP Notice:  Trying to get property 'num_rows' of non-object in C:\\Users\\Wisdom\\Documents\\Hackathon\\UniServerZ\\www\\product.php on line 63
[Sat Oct 12 15:53:33.605210 2019] [core:error] [pid 12272:tid 1912] (20024)The given path is misformatted or contained invalid characters: [client ::1:53528] AH00127: Cannot map GET /... HTTP/1.1 to file, referer: http://localhost/product.php?id=1
[Sat Oct 12 15:54:40.452827 2019] [php7:warn] [pid 12272:tid 1904] [client ::1:53592] PHP Warning:  A non-numeric value encountered in C:\\Users\\Wisdom\\Documents\\Hackathon\\UniServerZ\\www\\product.php on line 60, referer: http://localhost/
[Sat Oct 12 15:54:40.452827 2019] [php7:notice] [pid 12272:tid 1904] [client ::1:53592] PHP Notice:  Trying to get property 'num_rows' of non-object in C:\\Users\\Wisdom\\Documents\\Hackathon\\UniServerZ\\www\\product.php on line 63, referer: http://localhost/
[Sat Oct 12 15:54:40.640272 2019] [core:error] [pid 12272:tid 1904] (20024)The given path is misformatted or contained invalid characters: [client ::1:53592] AH00127: Cannot map GET /... HTTP/1.1 to file, referer: http://localhost/product.php?id=1
[Sat Oct 12 15:55:42.856799 2019] [php7:notice] [pid 12272:tid 1912] [client ::1:53654] PHP Notice:  Trying to get property 'num_rows' of non-object in C:\\Users\\Wisdom\\Documents\\Hackathon\\UniServerZ\\www\\product.php on line 63
[Sat Oct 12 15:55:42.979388 2019] [core:error] [pid 12272:tid 1900] (20024)The given path is misformatted or contained invalid characters: [client ::1:53664] AH00127: Cannot map GET /... HTTP/1.1 to file, referer: http://localhost/product.php?id=1
[Sat Oct 12 15:56:23.472355 2019] [php7:error] [pid 12272:tid 1908] [client ::1:53700] PHP Fatal error:  Uncaught Error: Call to a member function fetch_assoc() on bool in C:\\Users\\Wisdom\\Documents\\Hackathon\\UniServerZ\\www\\product.php:65\nStack trace:\n#0 {main}\n  thrown in C:\\Users\\Wisdom\\Documents\\Hackathon\\UniServerZ\\www\\product.php on line 65
[Sat Oct 12 15:58:25.403072 2019] [php7:notice] [pid 12272:tid 1904] [client ::1:53879] PHP Notice:  Trying to get property 'num_rows' of non-object in C:\\Users\\Wisdom\\Documents\\Hackathon\\UniServerZ\\www\\product.php on line 63
[Sat Oct 12 15:58:25.524155 2019] [core:error] [pid 12272:tid 1908] (20024)The given path is misformatted or contained invalid characters: [client ::1:53887] AH00127: Cannot map GET /... HTTP/1.1 to file, referer: http://localhost/product.php?id=1
[Sat Oct 12 15:59:11.651483 2019] [php7:notice] [pid 12272:tid 1916] [client ::1:53925] PHP Notice:  Trying to get property 'num_rows' of non-object in C:\\Users\\Wisdom\\Documents\\Hackathon\\UniServerZ\\www\\product.php on line 63
[Sat Oct 12 15:59:11.775170 2019] [core:error] [pid 12272:tid 1904] (20024)The given path is misformatted or contained invalid characters: [client ::1:53932] AH00127: Cannot map GET /... HTTP/1.1 to file, referer: http://localhost/product.php?id=1
[Sat Oct 12 16:01:11.964839 2019] [php7:notice] [pid 12272:tid 1908] [client ::1:54032] PHP Notice:  Trying to get property 'num_rows' of non-object in C:\\Users\\Wisdom\\Documents\\Hackathon\\UniServerZ\\www\\product.php on line 65
[Sat Oct 12 16:01:12.067308 2019] [core:error] [pid 12272:tid 1916] (20024)The given path is misformatted or contained invalid characters: [client ::1:54038] AH00127: Cannot map GET /... HTTP/1.1 to file, referer: http://localhost/product.php?id=1
[Sat Oct 12 16:01:53.814895 2019] [php7:notice] [pid 12272:tid 1912] [client ::1:54073] PHP Notice:  Trying to get property 'num_rows' of non-object in C:\\Users\\Wisdom\\Documents\\Hackathon\\UniServerZ\\www\\product.php on line 65
[Sat Oct 12 16:01:53.967172 2019] [core:error] [pid 12272:tid 1908] (20024)The given path is misformatted or contained invalid characters: [client ::1:54080] AH00127: Cannot map GET /... HTTP/1.1 to file, referer: http://localhost/product.php?id=1
